<?xml version="1.0" encoding="UTF-8"?>
<testsuite xmlns:xsi="http://www.w3.org/2001/XMLSchema-instance" xsi:noNamespaceSchemaLocation="https://maven.apache.org/surefire/maven-surefire-plugin/xsd/surefire-test-report.xsd" version="3.0.2" name="TestSuite" time="18.913" tests="1" errors="0" skipped="0" failures="0">
  <properties>
[...]
</properties>
  <testcase name="runScenario[&quot;Search buses and select an available seat&quot;, &quot;RedBus ticket booking - search and seat selection&quot;](1)" classname="com.subham.runners.TestRunner" time="17.764">
    <system-out><![CDATA[
&amp#27;[1mScenario Outline:&amp#27;[22m Search buses and select an available seat                         &amp#27;[90m# src/test/resources/features/redbus_booking.feature:22&amp#27;[39m
07:30:22 [TestNG-test-RedBus Booking Test-1] INFO  org.subham.base.DriverFactory - Initializing ChromeDriver...
07:30:28 [TestNG-test-RedBus Booking Test-1] INFO  org.subham.base.DriverFactory - ChromeDriver initialized and set in ThreadLocal.
  &amp#27;[32m✔&amp#27;[39m &amp#27;[32m&amp#27;[1mGiven &amp#27;[22mthe user launches the RedBus application&amp#27;[39m                                  &amp#27;[90m# com.subham.stepdefinitions.BookingSteps.the_user_launches_the_red_bus_application()&amp#27;[39m
  &amp#27;[32m✔&amp#27;[39m &amp#27;[32m&amp#27;[1mAnd &amp#27;[22mthe user is on the RedBus home page&amp#27;[39m                                         &amp#27;[90m# com.subham.stepdefinitions.BookingSteps.the_user_is_on_the_red_bus_home_page()&amp#27;[39m
  &amp#27;[32m✔&amp#27;[39m &amp#27;[32m&amp#27;[1mWhen &amp#27;[22mthe user enters the source city as &amp#27;[1m"Kolkata"&amp#27;[22m&amp#27;[39m                               &amp#27;[90m# com.subham.stepdefinitions.BookingSteps.the_user_enters_the_source_city_as(java.lang.String)&amp#27;[39m
  &amp#27;[32m✔&amp#27;[39m &amp#27;[32m&amp#27;[1mAnd &amp#27;[22mthe user clicks on the boarding point as &amp#27;[1m"Esplanade"&amp#27;[22m&amp#27;[39m                        &amp#27;[90m# com.subham.stepdefinitions.BookingSteps.the_user_clicks_on_the_boarding_point_as(java.lang.String)&amp#27;[39m
  &amp#27;[32m✔&amp#27;[39m &amp#27;[32m&amp#27;[1mAnd &amp#27;[22mthe user enters the destination city as &amp#27;[1m"Siliguri"&amp#27;[22m&amp#27;[39m                          &amp#27;[90m# com.subham.stepdefinitions.BookingSteps.the_user_enters_the_destination_city_as(java.lang.String)&amp#27;[39m
  &amp#27;[32m✔&amp#27;[39m &amp#27;[32m&amp#27;[1mAnd &amp#27;[22mthe user clicks on the boarding point as &amp#27;[1m"Tenzing Norgay Central Bus Stand"&amp#27;[22m&amp#27;[39m &amp#27;[90m# com.subham.stepdefinitions.BookingSteps.the_user_clicks_on_the_boarding_point_as(java.lang.String)&amp#27;[39m
  &amp#27;[32m✔&amp#27;[39m &amp#27;[32m&amp#27;[1mAnd &amp#27;[22mthe user selects the journey date as &amp#27;[1m"1 March 2026"&amp#27;[22m&amp#27;[39m                         &amp#27;[90m# com.subham.stepdefinitions.BookingSteps.the_user_selects_the_journey_date_as(java.lang.String)&amp#27;[39m
  &amp#27;[32m✔&amp#27;[39m &amp#27;[32m&amp#27;[1mAnd &amp#27;[22mthe user clicks on the search buses button&amp#27;[39m                                  &amp#27;[90m# com.subham.stepdefinitions.BookingSteps.the_user_clicks_on_the_search_buses_button()&amp#27;[39m
  &amp#27;[32m✔&amp#27;[39m &amp#27;[32m&amp#27;[1mThen &amp#27;[22mthe list of available buses should be displayed&amp#27;[39m                            &amp#27;[90m# com.subham.stepdefinitions.BookingSteps.the_list_of_available_buses_should_be_displayed()&amp#27;[39m
  &amp#27;[32m✔&amp#27;[39m &amp#27;[32m&amp#27;[1mWhen &amp#27;[22mthe user selects a bus from the search results&amp#27;[39m                             &amp#27;[90m# com.subham.stepdefinitions.BookingSteps.the_user_selects_a_bus_from_the_search_results()&amp#27;[39m
07:30:39 [TestNG-test-RedBus Booking Test-1] INFO  org.subham.pages.ResultPage - Seat number:LB1W is available
07:30:39 [TestNG-test-RedBus Booking Test-1] INFO  org.subham.pages.ResultPage - Seat number:LB2 is available
07:30:39 [TestNG-test-RedBus Booking Test-1] INFO  org.subham.pages.ResultPage - Seat number:LB3 is available
07:30:39 [TestNG-test-RedBus Booking Test-1] INFO  org.subham.pages.ResultPage - Seat number:LB7W is available
07:30:39 [TestNG-test-RedBus Booking Test-1] INFO  org.subham.pages.ResultPage - Seat number:LB8 is available
07:30:39 [TestNG-test-RedBus Booking Test-1] INFO  org.subham.pages.ResultPage - Seat number:LB9 is available
07:30:39 [TestNG-test-RedBus Booking Test-1] INFO  org.subham.pages.ResultPage - Seat number:LB13W is available
07:30:39 [TestNG-test-RedBus Booking Test-1] INFO  org.subham.pages.ResultPage - Seat number:LB14 is available
07:30:39 [TestNG-test-RedBus Booking Test-1] INFO  org.subham.pages.ResultPage - Seat number:LB15 is available
07:30:39 [TestNG-test-RedBus Booking Test-1] INFO  org.subham.pages.ResultPage - Seat number:LB19W is available
07:30:39 [TestNG-test-RedBus Booking Test-1] INFO  org.subham.pages.ResultPage - Seat number:LB20 is available
07:30:39 [TestNG-test-RedBus Booking Test-1] INFO  org.subham.pages.ResultPage - Seat number:LB21 is available
07:30:39 [TestNG-test-RedBus Booking Test-1] INFO  org.subham.pages.ResultPage - Seat number:LB25W is available
07:30:39 [TestNG-test-RedBus Booking Test-1] INFO  org.subham.pages.ResultPage - Seat number:LB26 is available
07:30:39 [TestNG-test-RedBus Booking Test-1] INFO  org.subham.pages.ResultPage - Seat number:LB27 is available
07:30:39 [TestNG-test-RedBus Booking Test-1] INFO  org.subham.pages.ResultPage - Seat number:LB31W is available
07:30:39 [TestNG-test-RedBus Booking Test-1] INFO  org.subham.pages.ResultPage - Seat number:LB32 is available
07:30:39 [TestNG-test-RedBus Booking Test-1] INFO  org.subham.pages.ResultPage - Seat number:LB33 is available
07:30:39 [TestNG-test-RedBus Booking Test-1] INFO  org.subham.pages.ResultPage - Seat number:LB37W is available
07:30:39 [TestNG-test-RedBus Booking Test-1] INFO  org.subham.pages.ResultPage - Seat number:LB38 is available
07:30:39 [TestNG-test-RedBus Booking Test-1] INFO  org.subham.pages.ResultPage - Seat number:LB39 is sold
07:30:39 [TestNG-test-RedBus Booking Test-1] INFO  org.subham.pages.ResultPage - Seat number:UB6W is available
07:30:39 [TestNG-test-RedBus Booking Test-1] INFO  org.subham.pages.ResultPage - Seat number:UB5 is available
07:30:39 [TestNG-test-RedBus Booking Test-1] INFO  org.subham.pages.ResultPage - Seat number:UB4 is available
07:30:39 [TestNG-test-RedBus Booking Test-1] INFO  org.subham.pages.ResultPage - Seat number:UB12W is available
07:30:39 [TestNG-test-RedBus Booking Test-1] INFO  org.subham.pages.ResultPage - Seat number:UB11 is available
07:30:39 [TestNG-test-RedBus Booking Test-1] INFO  org.subham.pages.ResultPage - Seat number:UB10 is available
07:30:39 [TestNG-test-RedBus Booking Test-1] INFO  org.subham.pages.ResultPage - Seat number:UB18W is available
07:30:39 [TestNG-test-RedBus Booking Test-1] INFO  org.subham.pages.ResultPage - Seat number:UB17 is available
07:30:39 [TestNG-test-RedBus Booking Test-1] INFO  org.subham.pages.ResultPage - Seat number:UB16 is available
07:30:39 [TestNG-test-RedBus Booking Test-1] INFO  org.subham.pages.ResultPage - Seat number:UB24W is available
07:30:39 [TestNG-test-RedBus Booking Test-1] INFO  org.subham.pages.ResultPage - Seat number:UB23 is available
07:30:39 [TestNG-test-RedBus Booking Test-1] INFO  org.subham.pages.ResultPage - Seat number:UB22 is available
07:30:39 [TestNG-test-RedBus Booking Test-1] INFO  org.subham.pages.ResultPage - Seat number:UB30W is available
07:30:39 [TestNG-test-RedBus Booking Test-1] INFO  org.subham.pages.ResultPage - Seat number:UB29 is available
07:30:39 [TestNG-test-RedBus Booking Test-1] INFO  org.subham.pages.ResultPage - Seat number:UB28 is available
07:30:39 [TestNG-test-RedBus Booking Test-1] INFO  org.subham.pages.ResultPage - Seat number:UB36W is available
07:30:39 [TestNG-test-RedBus Booking Test-1] INFO  org.subham.pages.ResultPage - Seat number:UB35 is available
07:30:39 [TestNG-test-RedBus Booking Test-1] INFO  org.subham.pages.ResultPage - Seat number:UB34 is available
07:30:39 [TestNG-test-RedBus Booking Test-1] INFO  org.subham.pages.ResultPage - Seat number:UB42W is available
07:30:39 [TestNG-test-RedBus Booking Test-1] INFO  org.subham.pages.ResultPage - Seat number:UB41 is available
07:30:39 [TestNG-test-RedBus Booking Test-1] INFO  org.subham.pages.ResultPage - Seat number:UB40 is available
07:30:39 [TestNG-test-RedBus Booking Test-1] INFO  org.subham.pages.ResultPage - 42 total seats
07:30:39 [TestNG-test-RedBus Booking Test-1] INFO  org.subham.pages.ResultPage - 1 sold seats
07:30:39 [TestNG-test-RedBus Booking Test-1] INFO  org.subham.pages.ResultPage - 41 available seats
  &amp#27;[32m✔&amp#27;[39m &amp#27;[32m&amp#27;[1mThen &amp#27;[22mthe seat layout should be displayed&amp#27;[39m                                        &amp#27;[90m# com.subham.stepdefinitions.BookingSteps.the_seat_layout_should_be_displayed()&amp#27;[39m
  &amp#27;[32m✔&amp#27;[39m &amp#27;[32m&amp#27;[1mWhen &amp#27;[22mthe user selects an available seat&amp#27;[39m                                         &amp#27;[90m# com.subham.stepdefinitions.BookingSteps.the_user_selects_an_available_seat()&amp#27;[39m
  &amp#27;[32m✔&amp#27;[39m &amp#27;[32m&amp#27;[1mThen &amp#27;[22mthe seat should be marked as selected.&amp#27;[39m                                     &amp#27;[90m# com.subham.stepdefinitions.BookingSteps.the_seat_should_be_marked_as_selected()&amp#27;[39m
07:30:39 [TestNG-test-RedBus Booking Test-1] INFO  org.subham.base.DriverFactory - Quitting ChromeDriver...
07:30:39 [TestNG-test-RedBus Booking Test-1] INFO  org.subham.base.DriverFactory - ChromeDriver quit and removed from ThreadLocal.
]]></system-out>
  </testcase>
</testsuite>