<?xml version="1.0" encoding="UTF-8"?>
<testng-results ignored="0" total="1" passed="1" failed="0" skipped="0">
  <reporter-output>
  </reporter-output>
  <suite started-at="2026-02-05T10:40:33 UTC" name="RedBus Automation Suite" finished-at="2026-02-05T10:40:52 UTC" duration-ms="19121">
    <groups>
      <group name="cucumber">
        <method signature="AbstractTestNGCucumberTests.runScenario(io.cucumber.testng.PickleWrapper,io.cucumber.testng.FeatureWrapper)[pri:0, instance:com.subham.runners.TestRunner@7ce026d3]" name="runScenario" class="io.cucumber.testng.AbstractTestNGCucumberTests"/>
      </group> <!-- cucumber -->
    </groups>
    <test started-at="2026-02-05T10:40:33 UTC" name="RedBus Booking Test" finished-at="2026-02-05T10:40:52 UTC" duration-ms="19121">
      <class name="com.subham.runners.TestRunner">
        <test-method is-config="true" signature="setUpClass(org.testng.ITestContext)[pri:0, instance:com.subham.runners.TestRunner@7ce026d3]" started-at="2026-02-05T10:40:33 UTC" name="setUpClass" finished-at="2026-02-05T10:40:34 UTC" duration-ms="443" status="PASS">
          <params>
            <param index="0">
              <value>
                <![CDATA[org.testng.TestRunner@18317edc]]>
              </value>
            </param>
          </params>
          <reporter-output>
          </reporter-output>
        </test-method> <!-- setUpClass -->
        <test-method signature="runScenario(io.cucumber.testng.PickleWrapper,io.cucumber.testng.FeatureWrapper)[pri:0, instance:com.subham.runners.TestRunner@7ce026d3]" started-at="2026-02-05T10:40:34 UTC" name="runScenario" description="Runs Cucumber Scenarios" data-provider="scenarios" finished-at="2026-02-05T10:40:52 UTC" duration-ms="18626" status="PASS">
          <params>
            <param index="0">
              <value>
                <![CDATA["Search buses and select an available seat"]]>
              </value>
            </param>
            <param index="1">
              <value>
                <![CDATA["RedBus ticket booking - search and seat selection"]]>
              </value>
            </param>
          </params>
          <reporter-output>
          </reporter-output>
        </test-method> <!-- runScenario -->
        <test-method is-config="true" signature="tearDownClass()[pri:0, instance:com.subham.runners.TestRunner@7ce026d3]" started-at="2026-02-05T10:40:52 UTC" name="tearDownClass" finished-at="2026-02-05T10:40:52 UTC" duration-ms="17" status="PASS">
          <reporter-output>
          </reporter-output>
        </test-method> <!-- tearDownClass -->
      </class> <!-- com.subham.runners.TestRunner -->
    </test> <!-- RedBus Booking Test -->
  </suite> <!-- RedBus Automation Suite -->
</testng-results>
